<?xml version="1.0" encoding="UTF-8"?>
<testng-results ignored="0" total="2" passed="2" failed="0" skipped="0">
  <reporter-output>
  </reporter-output>
  <suite started-at="2020-04-03T16:15:14 EDT" name="Suite" finished-at="2020-04-03T16:16:00 EDT" duration-ms="46116">
    <groups>
    </groups>
    <test started-at="2020-04-03T16:15:14 EDT" name="Test" finished-at="2020-04-03T16:15:28 EDT" duration-ms="13863">
      <class name="tests.NewTest">
        <test-method is-config="true" signature="beforeClass()[pri:0, instance:tests.NewTest@79e2c065]" started-at="2020-04-03T16:15:14 EDT" name="beforeClass" finished-at="2020-04-03T16:15:20 EDT" duration-ms="6670" status="PASS">
          <reporter-output>
          </reporter-output>
        </test-method> <!-- beforeClass -->
        <test-method signature="openOutbackSite()[pri:0, instance:tests.NewTest@79e2c065]" started-at="2020-04-03T16:15:20 EDT" name="openOutbackSite" finished-at="2020-04-03T16:15:25 EDT" duration-ms="4116" status="PASS">
          <reporter-output>
          </reporter-output>
        </test-method> <!-- openOutbackSite -->
        <test-method is-config="true" signature="afterClass()[pri:0, instance:tests.NewTest@79e2c065]" started-at="2020-04-03T16:15:25 EDT" name="afterClass" finished-at="2020-04-03T16:15:28 EDT" duration-ms="2994" status="PASS">
          <reporter-output>
          </reporter-output>
        </test-method> <!-- afterClass -->
      </class> <!-- tests.NewTest -->
    </test> <!-- Test -->
    <test started-at="2020-04-03T16:15:28 EDT" name="Test1" finished-at="2020-04-03T16:16:00 EDT" duration-ms="32013">
      <class name="tests.PickupOrder">
        <test-method signature="pickupOrder()[pri:0, instance:tests.PickupOrder@293a5bf6]" started-at="2020-04-03T16:15:28 EDT" name="pickupOrder" finished-at="2020-04-03T16:16:00 EDT" duration-ms="32007" status="PASS">
          <reporter-output>
          </reporter-output>
        </test-method> <!-- pickupOrder -->
      </class> <!-- tests.PickupOrder -->
    </test> <!-- Test1 -->
  </suite> <!-- Suite -->
</testng-results>
